#-----------------------------------------------------------
# Vivado v2018.2 (64-bit)
# SW Build 2258646 on Thu Jun 14 20:03:12 MDT 2018
# IP Build 2256618 on Thu Jun 14 22:10:49 MDT 2018
# Start of session at: Wed Jul 17 12:29:26 2019
# Process ID: 12528
# Current directory: C:/Users/lenovo/Desktop/7.17/lab7/project_1
# Command line: vivado.exe -gui_launcher_event rodinguilauncherevent3128 C:\Users\lenovo\Desktop\7.17\lab7\project_1\project_1.xpr
# Log file: C:/Users/lenovo/Desktop/7.17/lab7/project_1/vivado.log
# Journal file: C:/Users/lenovo/Desktop/7.17/lab7/project_1\vivado.jou
#-----------------------------------------------------------
start_gui
open_project C:/Users/lenovo/Desktop/7.17/lab7/project_1/project_1.xpr
INFO: [Project 1-313] Project file moved from 'C:/Users/dell/Desktop/lab7/project_1' since last save.
Scanning sources...
Finished scanning sources
INFO: [IP_Flow 19-234] Refreshing IP repositories
INFO: [IP_Flow 19-1704] No user IP repositories specified
INFO: [IP_Flow 19-2313] Loaded Vivado IP repository 'D:/Xilinx/Vivado/2018.2/data/ip'.
open_project: Time (s): cpu = 00:00:49 ; elapsed = 00:00:41 . Memory (MB): peak = 815.262 ; gain = 148.805
update_compile_order -fileset sources_1
exit
INFO: [Common 17-206] Exiting Vivado at Wed Jul 17 12:46:46 2019...
