Copyright 1986-2018 Xilinx, Inc. All Rights Reserved.
----------------------------------------------------------------------------------------------------------------------------------------------------------------------
| Tool Version     : Vivado v.2018.2 (win64) Build 2258646 Thu Jun 14 20:03:12 MDT 2018
| Date             : Tue Jul 16 17:01:20 2019
| Host             : DESKTOP-HCVOQAP running 64-bit major release  (build 9200)
| Command          : report_power -file design_1_wrapper_power_routed.rpt -pb design_1_wrapper_power_summary_routed.pb -rpx design_1_wrapper_power_routed.rpx
| Design           : design_1_wrapper
| Device           : xc7s15ftgb196-1
| Design State     : routed
| Grade            : commercial
| Process          : typical
| Characterization : Production
----------------------------------------------------------------------------------------------------------------------------------------------------------------------

Power Report

Table of Contents
-----------------
1. Summary
1.1 On-Chip Components
1.2 Power Supply Summary
1.3 Confidence Level
2. Settings
2.1 Environment
2.2 Clock Constraints
3. Detailed Reports
3.1 By Hierarchy

1. Summary
----------

+--------------------------+--------------+
| Total On-Chip Power (W)  | 0.145        |
| Design Power Budget (W)  | Unspecified* |
| Power Budget Margin (W)  | NA           |
| Dynamic (W)              | 0.125        |
| Device Static (W)        | 0.020        |
| Effective TJA (C/W)      | 3.4          |
| Max Ambient (C)          | 84.5         |
| Junction Temperature (C) | 25.5         |
| Confidence Level         | Low          |
| Setting File             | ---          |
| Simulation Activity File | ---          |
| Design Nets Matched      | NA           |
+--------------------------+--------------+
* Specify Design Power Budget using, set_operating_conditions -design_power_budget <value in Watts>


1.1 On-Chip Components
----------------------

+--------------------------+-----------+----------+-----------+-----------------+
| On-Chip                  | Power (W) | Used     | Available | Utilization (%) |
+--------------------------+-----------+----------+-----------+-----------------+
| Clocks                   |     0.002 |        6 |       --- |             --- |
| Slice Logic              |    <0.001 |     3377 |       --- |             --- |
|   LUT as Logic           |    <0.001 |     1022 |      8000 |           12.78 |
|   Register               |    <0.001 |     1812 |     16000 |           11.33 |
|   CARRY4                 |    <0.001 |       37 |      2000 |            1.85 |
|   LUT as Shift Register  |    <0.001 |       64 |      2400 |            2.67 |
|   LUT as Distributed RAM |    <0.001 |       24 |      2400 |            1.00 |
|   F7/F8 Muxes            |    <0.001 |       14 |      8000 |            0.18 |
|   Others                 |     0.000 |      228 |       --- |             --- |
| Signals                  |    <0.001 |     2591 |       --- |             --- |
| Block RAM                |    <0.001 |        8 |        10 |           80.00 |
| MMCM                     |     0.121 |        1 |         2 |           50.00 |
| I/O                      |     0.001 |       11 |       100 |           11.00 |
| Static Power             |     0.020 |          |           |                 |
| Total                    |     0.145 |          |           |                 |
+--------------------------+-----------+----------+-----------+-----------------+


1.2 Power Supply Summary
------------------------

+-----------+-------------+-----------+-------------+------------+
| Source    | Voltage (V) | Total (A) | Dynamic (A) | Static (A) |
+-----------+-------------+-----------+-------------+------------+
| Vccint    |       1.000 |     0.006 |       0.002 |      0.004 |
| Vccaux    |       1.800 |     0.074 |       0.067 |      0.007 |
| Vcco33    |       3.300 |     0.001 |       0.000 |      0.001 |
| Vcco25    |       2.500 |     0.000 |       0.000 |      0.000 |
| Vcco18    |       1.800 |     0.000 |       0.000 |      0.000 |
| Vcco15    |       1.500 |     0.000 |       0.000 |      0.000 |
| Vcco135   |       1.350 |     0.000 |       0.000 |      0.000 |
| Vcco12    |       1.200 |     0.000 |       0.000 |      0.000 |
| Vccaux_io |       1.800 |     0.000 |       0.000 |      0.000 |
| Vccbram   |       1.000 |     0.000 |       0.000 |      0.000 |
| Vccadc    |       1.800 |     0.000 |       0.000 |      0.000 |
+-----------+-------------+-----------+-------------+------------+


1.3 Confidence Level
--------------------

+-----------------------------+------------+--------------------------------------------------------+------------------------------------------------------------------------------------------------------------+
| User Input Data             | Confidence | Details                                                | Action                                                                                                     |
+-----------------------------+------------+--------------------------------------------------------+------------------------------------------------------------------------------------------------------------+
| Design implementation state | High       | Design is routed                                       |                                                                                                            |
| Clock nodes activity        | High       | User specified more than 95% of clocks                 |                                                                                                            |
| I/O nodes activity          | Low        | More than 75% of inputs are missing user specification | Provide missing input activity with simulation results or by editing the "By Resource Type -> I/Os" view   |
| Internal nodes activity     | Medium     | User specified less than 25% of internal nodes         | Provide missing internal nodes activity with simulation results or by editing the "By Resource Type" views |
| Device models               | High       | Device models are Production                           |                                                                                                            |
|                             |            |                                                        |                                                                                                            |
| Overall confidence level    | Low        |                                                        |                                                                                                            |
+-----------------------------+------------+--------------------------------------------------------+------------------------------------------------------------------------------------------------------------+


2. Settings
-----------

2.1 Environment
---------------

+-----------------------+--------------------------+
| Ambient Temp (C)      | 25.0                     |
| ThetaJA (C/W)         | 3.4                      |
| Airflow (LFM)         | 250                      |
| Heat Sink             | medium (Medium Profile)  |
| ThetaSA (C/W)         | 15.4                     |
| Board Selection       | medium (10"x10")         |
| # of Board Layers     | 12to15 (12 to 15 Layers) |
| Board Temperature (C) | 25.0                     |
+-----------------------+--------------------------+


2.2 Clock Constraints
---------------------

+--------------------------------------------------------------------------------------------+----------------------------------------------------------------------+-----------------+
| Clock                                                                                      | Domain                                                               | Constraint (ns) |
+--------------------------------------------------------------------------------------------+----------------------------------------------------------------------+-----------------+
| clk_in1_0                                                                                  | clk_in1_0                                                            |            10.0 |
| clk_out1_design_1_clk_wiz_0_0                                                              | design_1_i/clk_wiz_0/inst/clk_out1_design_1_clk_wiz_0_0              |            83.3 |
| clkfbout_design_1_clk_wiz_0_0                                                              | design_1_i/clk_wiz_0/inst/clkfbout_design_1_clk_wiz_0_0              |            50.0 |
| dbg_hub/inst/BSCANID.u_xsdbm_id/SWITCH_N_EXT_BSCAN.bscan_inst/SERIES7_BSCAN.bscan_inst/TCK | dbg_hub/inst/BSCANID.u_xsdbm_id/SWITCH_N_EXT_BSCAN.bscan_inst/tck_bs |            33.0 |
+--------------------------------------------------------------------------------------------+----------------------------------------------------------------------+-----------------+


3. Detailed Reports
-------------------

3.1 By Hierarchy
----------------

+------------------------------------------------------------------------------------+-----------+
| Name                                                                               | Power (W) |
+------------------------------------------------------------------------------------+-----------+
| design_1_wrapper                                                                   |     0.125 |
|   dbg_hub                                                                          |     0.001 |
|     inst                                                                           |     0.001 |
|       BSCANID.u_xsdbm_id                                                           |     0.001 |
|         CORE_XSDB.UUT_MASTER                                                       |    <0.001 |
|           U_ICON_INTERFACE                                                         |    <0.001 |
|             U_CMD1                                                                 |    <0.001 |
|             U_CMD2                                                                 |    <0.001 |
|             U_CMD3                                                                 |    <0.001 |
|             U_CMD4                                                                 |    <0.001 |
|             U_CMD5                                                                 |    <0.001 |
|             U_CMD6_RD                                                              |    <0.001 |
|               U_RD_FIFO                                                            |    <0.001 |
|                 SUBCORE_FIFO.xsdbm_v3_0_0_rdfifo_inst                              |    <0.001 |
|                   inst_fifo_gen                                                    |    <0.001 |
|                     gconvfifo.rf                                                   |    <0.001 |
|                       grf.rf                                                       |    <0.001 |
|                         gntv_or_sync_fifo.gcx.clkx                                 |    <0.001 |
|                           gnxpm_cdc.gsync_stage[1].rd_stg_inst                     |    <0.001 |
|                           gnxpm_cdc.gsync_stage[1].wr_stg_inst                     |    <0.001 |
|                           gnxpm_cdc.gsync_stage[2].rd_stg_inst                     |    <0.001 |
|                           gnxpm_cdc.gsync_stage[2].wr_stg_inst                     |    <0.001 |
|                         gntv_or_sync_fifo.gl0.rd                                   |    <0.001 |
|                           gr1.gr1_int.rfwft                                        |    <0.001 |
|                           gras.rsts                                                |    <0.001 |
|                           grhf.rhf                                                 |    <0.001 |
|                           rpntr                                                    |    <0.001 |
|                         gntv_or_sync_fifo.gl0.wr                                   |    <0.001 |
|                           gwas.wsts                                                |    <0.001 |
|                           gwhf.whf                                                 |    <0.001 |
|                           wpntr                                                    |    <0.001 |
|                         gntv_or_sync_fifo.mem                                      |    <0.001 |
|                           gdm.dm_gen.dm                                            |    <0.001 |
|                             RAM_reg_0_15_0_5                                       |    <0.001 |
|                             RAM_reg_0_15_12_15                                     |    <0.001 |
|                             RAM_reg_0_15_6_11                                      |    <0.001 |
|                         rstblk                                                     |    <0.001 |
|                           ngwrdrst.grst.g7serrst.gwrrd_rst_sync_stage[1].rrst_inst |    <0.001 |
|                           ngwrdrst.grst.g7serrst.gwrrd_rst_sync_stage[1].wrst_inst |    <0.001 |
|                           ngwrdrst.grst.g7serrst.gwrrd_rst_sync_stage[2].rrst_inst |    <0.001 |
|                           ngwrdrst.grst.g7serrst.gwrrd_rst_sync_stage[2].wrst_inst |    <0.001 |
|             U_CMD6_WR                                                              |    <0.001 |
|               U_WR_FIFO                                                            |    <0.001 |
|                 SUBCORE_FIFO.xsdbm_v3_0_0_wrfifo_inst                              |    <0.001 |
|                   inst_fifo_gen                                                    |    <0.001 |
|                     gconvfifo.rf                                                   |    <0.001 |
|                       grf.rf                                                       |    <0.001 |
|                         gntv_or_sync_fifo.gcx.clkx                                 |    <0.001 |
|                           gnxpm_cdc.gsync_stage[1].rd_stg_inst                     |    <0.001 |
|                           gnxpm_cdc.gsync_stage[1].wr_stg_inst                     |    <0.001 |
|                           gnxpm_cdc.gsync_stage[2].rd_stg_inst                     |    <0.001 |
|                           gnxpm_cdc.gsync_stage[2].wr_stg_inst                     |    <0.001 |
|                         gntv_or_sync_fifo.gl0.rd                                   |    <0.001 |
|                           gras.rsts                                                |    <0.001 |
|                           grhf.rhf                                                 |    <0.001 |
|                           rpntr                                                    |    <0.001 |
|                         gntv_or_sync_fifo.gl0.wr                                   |    <0.001 |
|                           gwas.wsts                                                |    <0.001 |
|                           gwhf.whf                                                 |    <0.001 |
|                           wpntr                                                    |    <0.001 |
|                         gntv_or_sync_fifo.mem                                      |    <0.001 |
|                           gdm.dm_gen.dm                                            |    <0.001 |
|                             RAM_reg_0_15_0_5                                       |    <0.001 |
|                             RAM_reg_0_15_12_15                                     |    <0.001 |
|                             RAM_reg_0_15_6_11                                      |    <0.001 |
|                         rstblk                                                     |    <0.001 |
|                           ngwrdrst.grst.g7serrst.gwrrd_rst_sync_stage[1].rrst_inst |    <0.001 |
|                           ngwrdrst.grst.g7serrst.gwrrd_rst_sync_stage[1].wrst_inst |    <0.001 |
|                           ngwrdrst.grst.g7serrst.gwrrd_rst_sync_stage[2].rrst_inst |    <0.001 |
|                           ngwrdrst.grst.g7serrst.gwrrd_rst_sync_stage[2].wrst_inst |    <0.001 |
|             U_CMD7_CTL                                                             |    <0.001 |
|             U_CMD7_STAT                                                            |    <0.001 |
|             U_STATIC_STATUS                                                        |    <0.001 |
|           U_XSDB_ADDRESS_CONTROLLER                                                |    <0.001 |
|           U_XSDB_BURST_WD_LEN_CONTROLLER                                           |    <0.001 |
|           U_XSDB_BUS_CONTROLLER                                                    |    <0.001 |
|             U_RD_ABORT_FLAG                                                        |    <0.001 |
|             U_RD_REQ_FLAG                                                          |    <0.001 |
|             U_TIMER                                                                |    <0.001 |
|           U_XSDB_BUS_MSTR2SL_PORT_IFACE                                            |    <0.001 |
|         CORE_XSDB.U_ICON                                                           |    <0.001 |
|           U_CMD                                                                    |    <0.001 |
|           U_STAT                                                                   |    <0.001 |
|           U_SYNC                                                                   |    <0.001 |
|         SWITCH_N_EXT_BSCAN.bscan_inst                                              |    <0.001 |
|         SWITCH_N_EXT_BSCAN.bscan_switch                                            |    <0.001 |
|   design_1_i                                                                       |     0.122 |
|     adc_0                                                                          |     0.000 |
|     clk_wiz_0                                                                      |     0.121 |
|       inst                                                                         |     0.121 |
|     ila_0                                                                          |    <0.001 |
|       inst                                                                         |    <0.001 |
|         ila_core_inst                                                              |    <0.001 |
|           ila_trace_memory_inst                                                    |    <0.001 |
|             SUBCORE_RAM_BLK_MEM_1.trace_block_memory                               |    <0.001 |
|               inst_blk_mem_gen                                                     |    <0.001 |
|                 gnbram.gnativebmg.native_blk_mem_gen                               |    <0.001 |
|                   valid.cstr                                                       |    <0.001 |
|                     bindec_a.bindec_inst_a                                         |    <0.001 |
|                     has_mux_b.B                                                    |    <0.001 |
|                     ramloop[0].ram.r                                               |    <0.001 |
|                       prim_noinit.ram                                              |    <0.001 |
|                     ramloop[1].ram.r                                               |    <0.001 |
|                       prim_noinit.ram                                              |    <0.001 |
|                     ramloop[2].ram.r                                               |    <0.001 |
|                       prim_noinit.ram                                              |    <0.001 |
|                     ramloop[3].ram.r                                               |    <0.001 |
|                       prim_noinit.ram                                              |    <0.001 |
|                     ramloop[4].ram.r                                               |    <0.001 |
|                       prim_noinit.ram                                              |    <0.001 |
|                     ramloop[5].ram.r                                               |    <0.001 |
|                       prim_noinit.ram                                              |    <0.001 |
|                     ramloop[6].ram.r                                               |    <0.001 |
|                       prim_noinit.ram                                              |    <0.001 |
|                     ramloop[7].ram.r                                               |    <0.001 |
|                       prim_noinit.ram                                              |    <0.001 |
|           u_ila_cap_ctrl                                                           |    <0.001 |
|             U_CDONE                                                                |    <0.001 |
|             U_NS0                                                                  |    <0.001 |
|             U_NS1                                                                  |    <0.001 |
|             u_cap_addrgen                                                          |    <0.001 |
|               U_CMPRESET                                                           |    <0.001 |
|               u_cap_sample_counter                                                 |    <0.001 |
|                 U_SCE                                                              |    <0.001 |
|                 U_SCMPCE                                                           |    <0.001 |
|                 U_SCRST                                                            |    <0.001 |
|                 u_scnt_cmp                                                         |    <0.001 |
|                   allx_typeA_match_detection.ltlib_v1_0_0_allx_typeA_inst          |    <0.001 |
|                     DUT                                                            |    <0.001 |
|                       I_WHOLE_SLICE.G_SLICE_IDX[0].U_ALL_SRL_SLICE                 |    <0.001 |
|                         u_srlA                                                     |    <0.001 |
|                         u_srlB                                                     |    <0.001 |
|                         u_srlC                                                     |    <0.001 |
|                         u_srlD                                                     |    <0.001 |
|                       I_WHOLE_SLICE.G_SLICE_IDX[1].U_ALL_SRL_SLICE                 |    <0.001 |
|                         u_srlA                                                     |    <0.001 |
|                         u_srlB                                                     |    <0.001 |
|                         u_srlC                                                     |    <0.001 |
|                         u_srlD                                                     |    <0.001 |
|               u_cap_window_counter                                                 |    <0.001 |
|                 U_WCE                                                              |    <0.001 |
|                 U_WHCMPCE                                                          |    <0.001 |
|                 U_WLCMPCE                                                          |    <0.001 |
|                 u_wcnt_hcmp                                                        |    <0.001 |
|                   allx_typeA_match_detection.ltlib_v1_0_0_allx_typeA_inst          |    <0.001 |
|                     DUT                                                            |    <0.001 |
|                       I_WHOLE_SLICE.G_SLICE_IDX[0].U_ALL_SRL_SLICE                 |    <0.001 |
|                         u_srlA                                                     |    <0.001 |
|                         u_srlB                                                     |    <0.001 |
|                         u_srlC                                                     |    <0.001 |
|                         u_srlD                                                     |    <0.001 |
|                       I_WHOLE_SLICE.G_SLICE_IDX[1].U_ALL_SRL_SLICE                 |    <0.001 |
|                         u_srlA                                                     |    <0.001 |
|                         u_srlB                                                     |    <0.001 |
|                         u_srlC                                                     |    <0.001 |
|                         u_srlD                                                     |    <0.001 |
|                 u_wcnt_lcmp                                                        |    <0.001 |
|                   allx_typeA_match_detection.ltlib_v1_0_0_allx_typeA_inst          |    <0.001 |
|                     DUT                                                            |    <0.001 |
|                       I_WHOLE_SLICE.G_SLICE_IDX[0].U_ALL_SRL_SLICE                 |    <0.001 |
|                         u_srlA                                                     |    <0.001 |
|                         u_srlB                                                     |    <0.001 |
|                         u_srlC                                                     |    <0.001 |
|                         u_srlD                                                     |    <0.001 |
|                       I_WHOLE_SLICE.G_SLICE_IDX[1].U_ALL_SRL_SLICE                 |    <0.001 |
|                         u_srlA                                                     |    <0.001 |
|                         u_srlB                                                     |    <0.001 |
|                         u_srlC                                                     |    <0.001 |
|                         u_srlD                                                     |    <0.001 |
|           u_ila_regs                                                               |    <0.001 |
|             MU_SRL[0].mu_srl_reg                                                   |    <0.001 |
|             TC_SRL[0].tc_srl_reg                                                   |    <0.001 |
|             U_XSDB_SLAVE                                                           |    <0.001 |
|             reg_15                                                                 |    <0.001 |
|               I_EN_CTL_EQ1.U_CTL                                                   |    <0.001 |
|             reg_16                                                                 |    <0.001 |
|               I_EN_CTL_EQ1.U_CTL                                                   |    <0.001 |
|             reg_17                                                                 |    <0.001 |
|               I_EN_CTL_EQ1.U_CTL                                                   |    <0.001 |
|             reg_18                                                                 |    <0.001 |
|               I_EN_CTL_EQ1.U_CTL                                                   |    <0.001 |
|             reg_19                                                                 |    <0.001 |
|               I_EN_CTL_EQ1.U_CTL                                                   |    <0.001 |
|             reg_1a                                                                 |    <0.001 |
|               I_EN_CTL_EQ1.U_CTL                                                   |    <0.001 |
|             reg_6                                                                  |    <0.001 |
|               I_EN_CTL_EQ1.U_CTL                                                   |    <0.001 |
|             reg_7                                                                  |    <0.001 |
|               I_EN_CTL_EQ1.U_CTL                                                   |    <0.001 |
|             reg_8                                                                  |    <0.001 |
|               I_EN_STAT_EQ1.U_STAT                                                 |    <0.001 |
|             reg_80                                                                 |    <0.001 |
|               I_EN_CTL_EQ1.U_CTL                                                   |    <0.001 |
|             reg_81                                                                 |    <0.001 |
|               I_EN_CTL_EQ1.U_CTL                                                   |    <0.001 |
|             reg_82                                                                 |    <0.001 |
|               I_EN_CTL_EQ1.U_CTL                                                   |    <0.001 |
|             reg_83                                                                 |    <0.001 |
|               I_EN_CTL_EQ1.U_CTL                                                   |    <0.001 |
|             reg_84                                                                 |    <0.001 |
|               I_EN_CTL_EQ1.U_CTL                                                   |    <0.001 |
|             reg_85                                                                 |    <0.001 |
|               I_EN_CTL_EQ1.U_CTL                                                   |    <0.001 |
|             reg_887                                                                |    <0.001 |
|               I_EN_STAT_EQ1.U_STAT                                                 |    <0.001 |
|             reg_88d                                                                |    <0.001 |
|               I_EN_STAT_EQ1.U_STAT                                                 |    <0.001 |
|             reg_890                                                                |    <0.001 |
|               I_EN_STAT_EQ1.U_STAT                                                 |    <0.001 |
|             reg_9                                                                  |    <0.001 |
|               I_EN_STAT_EQ1.U_STAT                                                 |    <0.001 |
|             reg_srl_fff                                                            |    <0.001 |
|             reg_stream_ffd                                                         |    <0.001 |
|               I_EN_CTL_EQ1.U_CTL                                                   |    <0.001 |
|             reg_stream_ffe                                                         |    <0.001 |
|               I_EN_STAT_EQ1.U_STAT                                                 |    <0.001 |
|           u_ila_reset_ctrl                                                         |    <0.001 |
|             arm_detection_inst                                                     |    <0.001 |
|             asyncrounous_transfer.arm_in_transfer_inst                             |    <0.001 |
|             asyncrounous_transfer.arm_out_transfer_inst                            |    <0.001 |
|             asyncrounous_transfer.halt_in_transfer_inst                            |    <0.001 |
|             asyncrounous_transfer.halt_out_transfer_inst                           |    <0.001 |
|             halt_detection_inst                                                    |    <0.001 |
|           u_trig                                                                   |    <0.001 |
|             N_DDR_TC.N_DDR_TC_INST[0].U_TC                                         |    <0.001 |
|               allx_typeA_match_detection.ltlib_v1_0_0_allx_typeA_inst              |    <0.001 |
|                 DUT                                                                |    <0.001 |
|                   I_WHOLE_SLICE.G_SLICE_IDX[0].U_ALL_SRL_SLICE                     |    <0.001 |
|                     u_srlA                                                         |    <0.001 |
|                     u_srlB                                                         |    <0.001 |
|                     u_srlC                                                         |    <0.001 |
|                     u_srlD                                                         |    <0.001 |
|             U_TM                                                                   |    <0.001 |
|               N_DDR_MODE.G_NMU[0].U_M                                              |    <0.001 |
|                 allx_typeA_match_detection.ltlib_v1_0_0_allx_typeA_inst            |    <0.001 |
|                   DUT                                                              |    <0.001 |
|                     I_WHOLE_SLICE.G_SLICE_IDX[0].U_ALL_SRL_SLICE                   |    <0.001 |
|                       u_srlA                                                       |    <0.001 |
|                       u_srlB                                                       |    <0.001 |
|                       u_srlC                                                       |    <0.001 |
|                       u_srlD                                                       |    <0.001 |
|           xsdb_memory_read_inst                                                    |    <0.001 |
+------------------------------------------------------------------------------------+-----------+


