Copyright 1986-2018 Xilinx, Inc. All Rights Reserved.
--------------------------------------------------------------------------------------------------------------------------------------------------------------------------------------
| Tool Version : Vivado v.2018.2 (win64) Build 2258646 Thu Jun 14 20:03:12 MDT 2018
| Date         : Wed Jul 17 21:46:23 2019
| Host         : DESKTOP-P7F927J running 64-bit major release  (build 9200)
| Command      : report_methodology -file design_1_wrapper_methodology_drc_routed.rpt -pb design_1_wrapper_methodology_drc_routed.pb -rpx design_1_wrapper_methodology_drc_routed.rpx
| Design       : design_1_wrapper
| Device       : xc7s15ftgb196-1
| Speed File   : -1
| Design State : Routed
--------------------------------------------------------------------------------------------------------------------------------------------------------------------------------------

Report Methodology

Table of Contents
-----------------
1. REPORT SUMMARY
2. REPORT DETAILS

1. REPORT SUMMARY
-----------------
            Netlist: netlist
          Floorplan: design_1
      Design limits: <entire design considered>
             Max violations: <unlimited>
             Violations found: 1
+----------+----------+----------------------------------+------------+
| Rule     | Severity | Description                      | Violations |
+----------+----------+----------------------------------+------------+
| TIMING-2 | Warning  | Invalid primary clock source pin | 1          |
+----------+----------+----------------------------------+------------+

2. REPORT DETAILS
-----------------
TIMING-2#1 Warning
Invalid primary clock source pin  
A primary clock design_1_i/clk_wiz_0/inst/clk_in1 is created on an inappropriate pin design_1_i/clk_wiz_0/inst/clk_in1. It is recommended to create a primary clock only on a proper clock source (input port or primitive output pin with no timing arc)
Related violations: <none>


